This is XeTeX, Version 3.141592653-2.6-0.999994 (TeX Live 2022) (preloaded format=xelatex 2022.5.1)  17 NOV 2022 16:23
entering extended mode
 restricted \write18 enabled.
 file:line:error style messages enabled.
 %&-line parsing enabled.
**shangji_2
(./shangji_2.tex
LaTeX2e <2021-11-15> patch level 1
L3 programming layer <2022-02-24> (d:/texlive/2022/texmf-dist/tex/latex/base/article.cls
Document Class: article 2021/10/04 v1.4n Standard LaTeX document class
(d:/texlive/2022/texmf-dist/tex/latex/base/size12.clo
File: size12.clo 2021/10/04 v1.4n Standard LaTeX file (size option)
)
\c@part=\count181
\c@section=\count182
\c@subsection=\count183
\c@subsubsection=\count184
\c@paragraph=\count185
\c@subparagraph=\count186
\c@figure=\count187
\c@table=\count188
\abovecaptionskip=\skip47
\belowcaptionskip=\skip48
\bibindent=\dimen138
) (d:/texlive/2022/texmf-dist/tex/latex/ctex/ctex.sty (d:/texlive/2022/texmf-dist/tex/latex/l3kernel/expl3.sty
Package: expl3 2022-02-24 L3 programming layer (loader) 
 (d:/texlive/2022/texmf-dist/tex/latex/l3backend/l3backend-xetex.def
File: l3backend-xetex.def 2022-02-07 L3 backend support: XeTeX
 (|extractbb --version)
\c__kernel_sys_dvipdfmx_version_int=\count189
\l__color_backend_stack_int=\count190
\g__color_backend_stack_int=\count191
\g__graphics_track_int=\count192
\l__pdf_internal_box=\box50
\g__pdf_backend_object_int=\count193
\g__pdf_backend_annotation_int=\count194
\g__pdf_backend_link_int=\count195
))
Package: ctex 2021/12/12 v2.5.8 Chinese adapter in LaTeX (CTEX)
 (d:/texlive/2022/texmf-dist/tex/latex/l3packages/xparse/xparse.sty
Package: xparse 2022-01-12 L3 Experimental document command parser
) (d:/texlive/2022/texmf-dist/tex/latex/l3packages/l3keys2e/l3keys2e.sty
Package: l3keys2e 2022-01-12 LaTeX2e option processing using LaTeX3 keys
) (d:/texlive/2022/texmf-dist/tex/latex/ctex/ctexhook.sty
Package: ctexhook 2021/12/12 v2.5.8 Document and package hooks (CTEX)
) (d:/texlive/2022/texmf-dist/tex/latex/ctex/ctexpatch.sty
Package: ctexpatch 2021/12/12 v2.5.8 Patching commands (CTEX)
) (d:/texlive/2022/texmf-dist/tex/latex/base/fix-cm.sty
Package: fix-cm 2020/11/24 v1.1t fixes to LaTeX
 (d:/texlive/2022/texmf-dist/tex/latex/base/ts1enc.def
File: ts1enc.def 2001/06/05 v3.0e (jk/car/fm) Standard LaTeX file
LaTeX Font Info:    Redeclaring font encoding TS1 on input line 47.
))
\l__ctex_tmp_int=\count196
\l__ctex_tmp_box=\box51
\l__ctex_tmp_dim=\dimen139
\g__ctex_section_depth_int=\count197
\g__ctex_font_size_int=\count198
 (d:/texlive/2022/texmf-dist/tex/latex/ctex/config/ctexopts.cfg
File: ctexopts.cfg 2021/12/12 v2.5.8 Option configuration file (CTEX)
) (d:/texlive/2022/texmf-dist/tex/latex/ctex/engine/ctex-engine-xetex.def
File: ctex-engine-xetex.def 2021/12/12 v2.5.8 XeLaTeX adapter (CTEX)
 (d:/texlive/2022/texmf-dist/tex/xelatex/xecjk/xeCJK.sty
Package: xeCJK 2021/12/12 v3.8.8 Typesetting CJK scripts with XeLaTeX
 (d:/texlive/2022/texmf-dist/tex/latex/l3packages/xtemplate/xtemplate.sty
Package: xtemplate 2022-01-12 L3 Experimental prototype document functions
\l__xtemplate_tmp_dim=\dimen140
\l__xtemplate_tmp_int=\count199
\l__xtemplate_tmp_muskip=\muskip16
\l__xtemplate_tmp_skip=\skip49
)
\l__xeCJK_tmp_int=\count266
\l__xeCJK_tmp_box=\box52
\l__xeCJK_tmp_dim=\dimen141
\l__xeCJK_tmp_skip=\skip50
\g__xeCJK_space_factor_int=\count267
\l__xeCJK_begin_int=\count268
\l__xeCJK_end_int=\count269
\c__xeCJK_CJK_class_int=\XeTeXcharclass1
\c__xeCJK_FullLeft_class_int=\XeTeXcharclass2
\c__xeCJK_FullRight_class_int=\XeTeXcharclass3
\c__xeCJK_HalfLeft_class_int=\XeTeXcharclass4
\c__xeCJK_HalfRight_class_int=\XeTeXcharclass5
\c__xeCJK_NormalSpace_class_int=\XeTeXcharclass6
\c__xeCJK_CM_class_int=\XeTeXcharclass7
\c__xeCJK_HangulJamo_class_int=\XeTeXcharclass8
\l__xeCJK_last_skip=\skip51
\g__xeCJK_node_int=\count270
\c__xeCJK_CJK_node_dim=\dimen142
\c__xeCJK_CJK-space_node_dim=\dimen143
\c__xeCJK_default_node_dim=\dimen144
\c__xeCJK_default-space_node_dim=\dimen145
\c__xeCJK_CJK-widow_node_dim=\dimen146
\c__xeCJK_normalspace_node_dim=\dimen147
\l__xeCJK_ccglue_skip=\skip52
\l__xeCJK_ecglue_skip=\skip53
\l__xeCJK_punct_kern_skip=\skip54
\l__xeCJK_last_penalty_int=\count271
\l__xeCJK_last_bound_dim=\dimen148
\l__xeCJK_last_kern_dim=\dimen149
\l__xeCJK_widow_penalty_int=\count272

Package xtemplate Info: Declaring object type 'xeCJK/punctuation' taking 0
(xtemplate)             argument(s) on line 2337.

\l__xeCJK_fixed_punct_width_dim=\dimen150
\l__xeCJK_mixed_punct_width_dim=\dimen151
\l__xeCJK_middle_punct_width_dim=\dimen152
\l__xeCJK_fixed_margin_width_dim=\dimen153
\l__xeCJK_mixed_margin_width_dim=\dimen154
\l__xeCJK_middle_margin_width_dim=\dimen155
\l__xeCJK_bound_punct_width_dim=\dimen156
\l__xeCJK_bound_margin_width_dim=\dimen157
\l__xeCJK_margin_minimum_dim=\dimen158
\l__xeCJK_kerning_total_width_dim=\dimen159
\l__xeCJK_same_align_margin_dim=\dimen160
\l__xeCJK_different_align_margin_dim=\dimen161
\l__xeCJK_kerning_margin_width_dim=\dimen162
\l__xeCJK_kerning_margin_minimum_dim=\dimen163
\l__xeCJK_bound_dim=\dimen164
\l__xeCJK_reverse_bound_dim=\dimen165
\l__xeCJK_margin_dim=\dimen166
\l__xeCJK_minimum_bound_dim=\dimen167
\l__xeCJK_kerning_margin_dim=\dimen168
\g__xeCJK_family_int=\count273
\l__xeCJK_fam_int=\count274
\g__xeCJK_fam_allocation_int=\count275
\l__xeCJK_verb_case_int=\count276
\l__xeCJK_verb_exspace_skip=\skip55
 (d:/texlive/2022/texmf-dist/tex/latex/fontspec/fontspec.sty
Package: fontspec 2022/01/15 v2.8a Font selection for XeLaTeX and LuaLaTeX
 (d:/texlive/2022/texmf-dist/tex/latex/fontspec/fontspec-xetex.sty
Package: fontspec-xetex 2022/01/15 v2.8a Font selection for XeLaTeX and LuaLaTeX
\l__fontspec_script_int=\count277
\l__fontspec_language_int=\count278
\l__fontspec_strnum_int=\count279
\l__fontspec_tmp_int=\count280
\l__fontspec_tmpa_int=\count281
\l__fontspec_tmpb_int=\count282
\l__fontspec_tmpc_int=\count283
\l__fontspec_em_int=\count284
\l__fontspec_emdef_int=\count285
\l__fontspec_strong_int=\count286
\l__fontspec_strongdef_int=\count287
\l__fontspec_tmpa_dim=\dimen169
\l__fontspec_tmpb_dim=\dimen170
\l__fontspec_tmpc_dim=\dimen171
 (d:/texlive/2022/texmf-dist/tex/latex/base/fontenc.sty
Package: fontenc 2021/04/29 v2.0v Standard LaTeX package
) (d:/texlive/2022/texmf-dist/tex/latex/fontspec/fontspec.cfg))) (d:/texlive/2022/texmf-dist/tex/xelatex/xecjk/xeCJK.cfg
File: xeCJK.cfg 2021/12/12 v3.8.8 Configuration file for xeCJK package
))
\ccwd=\dimen172
\l__ctex_ccglue_skip=\skip56
)
\l__ctex_ziju_dim=\dimen173
 (d:/texlive/2022/texmf-dist/tex/latex/zhnumber/zhnumber.sty
Package: zhnumber 2020/05/01 v2.8 Typesetting numbers with Chinese glyphs
\l__zhnum_scale_int=\count288
 (d:/texlive/2022/texmf-dist/tex/latex/zhnumber/zhnumber-utf8.cfg
File: zhnumber-utf8.cfg 2020/05/01 v2.8 Chinese numerals with UTF8 encoding
)) (d:/texlive/2022/texmf-dist/tex/latex/ctex/scheme/ctex-scheme-chinese.def
File: ctex-scheme-chinese.def 2021/12/12 v2.5.8 Chinese scheme for generic (CTEX)
 (d:/texlive/2022/texmf-dist/tex/latex/ctex/config/ctex-name-utf8.cfg
File: ctex-name-utf8.cfg 2021/12/12 v2.5.8 Caption with encoding UTF-8 (CTEX)
)) (d:/texlive/2022/texmf-dist/tex/latex/tools/indentfirst.sty
Package: indentfirst 1995/11/23 v1.03 Indent first paragraph (DPC)
) (d:/texlive/2022/texmf-dist/tex/latex/ctex/fontset/ctex-fontset-windows.def
File: ctex-fontset-windows.def 2021/12/12 v2.5.8 Windows fonts definition (CTEX)

Package fontspec Info: Could not resolve font "KaiTi/B" (it probably doesn't
(fontspec)             exist).


Package fontspec Info: Could not resolve font "SimHei/I" (it probably doesn't
(fontspec)             exist).


Package fontspec Info: Could not resolve font "SimSun/BI" (it probably doesn't
(fontspec)             exist).


Package fontspec Info: Font family 'SimSun(0)' created for font 'SimSun' with
(fontspec)             options
(fontspec)             [Script={CJK},BoldFont={SimHei},ItalicFont={KaiTi}].
(fontspec)              
(fontspec)              This font family consists of the following NFSS
(fontspec)             series/shapes:
(fontspec)              
(fontspec)             - 'normal' (m/n) with NFSS spec.:
(fontspec)             <->"SimSun/OT:script=hani;language=dflt;"
(fontspec)             - 'small caps'  (m/sc) with NFSS spec.: 
(fontspec)             - 'bold' (b/n) with NFSS spec.:
(fontspec)             <->"SimHei/OT:script=hani;language=dflt;"
(fontspec)             - 'bold small caps'  (b/sc) with NFSS spec.: 
(fontspec)             - 'italic' (m/it) with NFSS spec.:
(fontspec)             <->"KaiTi/OT:script=hani;language=dflt;"
(fontspec)             - 'italic small caps'  (m/scit) with NFSS spec.: 

)) (d:/texlive/2022/texmf-dist/tex/latex/ctex/config/ctex.cfg
File: ctex.cfg 2021/12/12 v2.5.8 Configuration file (CTEX)
) (d:/texlive/2022/texmf-dist/tex/latex/listings/listings.sty (d:/texlive/2022/texmf-dist/tex/latex/graphics/keyval.sty
Package: keyval 2014/10/28 v1.15 key=value parser (DPC)
\KV@toks@=\toks16
)
\lst@mode=\count289
\lst@gtempboxa=\box53
\lst@token=\toks17
\lst@length=\count290
\lst@currlwidth=\dimen174
\lst@column=\count291
\lst@pos=\count292
\lst@lostspace=\dimen175
\lst@width=\dimen176
\lst@newlines=\count293
\lst@lineno=\count294
\lst@maxwidth=\dimen177
 (d:/texlive/2022/texmf-dist/tex/latex/listings/lstmisc.sty
File: lstmisc.sty 2020/03/24 1.8d (Carsten Heinz)
\c@lstnumber=\count295
\lst@skipnumbers=\count296
\lst@framebox=\box54
) (d:/texlive/2022/texmf-dist/tex/latex/listings/listings.cfg
File: listings.cfg 2020/03/24 1.8d listings configuration
))
Package: listings 2020/03/24 1.8d (Carsten Heinz)
 (d:/texlive/2022/texmf-dist/tex/xelatex/xecjk/xeCJK-listings.sty
Package: xeCJK-listings 2021/12/12 v3.8.8 xeCJK patch file for listings
\l__xeCJK_listings_max_char_int=\count297
\l__xeCJK_listings_flag_int=\count298
) (d:/texlive/2022/texmf-dist/tex/latex/psnfss/times.sty
Package: times 2020/03/25 PSNFSS-v9.3 (SPQR) 
) (d:/texlive/2022/texmf-dist/tex/latex/setspace/setspace.sty
Package: setspace 2011/12/19 v6.7a set line spacing
) (d:/texlive/2022/texmf-dist/tex/latex/fancyhdr/fancyhdr.sty
Package: fancyhdr 2021/01/28 v4.0.1 Extensive control of page headers and footers
\f@nch@headwidth=\skip57
\f@nch@O@elh=\skip58
\f@nch@O@erh=\skip59
\f@nch@O@olh=\skip60
\f@nch@O@orh=\skip61
\f@nch@O@elf=\skip62
\f@nch@O@erf=\skip63
\f@nch@O@olf=\skip64
\f@nch@O@orf=\skip65
) (d:/texlive/2022/texmf-dist/tex/latex/graphics/graphicx.sty
Package: graphicx 2021/09/16 v1.2d Enhanced LaTeX Graphics (DPC,SPQR)
 (d:/texlive/2022/texmf-dist/tex/latex/graphics/graphics.sty
Package: graphics 2021/03/04 v1.4d Standard LaTeX Graphics (DPC,SPQR)
 (d:/texlive/2022/texmf-dist/tex/latex/graphics/trig.sty
Package: trig 2021/08/11 v1.11 sin cos tan (DPC)
) (d:/texlive/2022/texmf-dist/tex/latex/graphics-cfg/graphics.cfg
File: graphics.cfg 2016/06/04 v1.11 sample graphics configuration
)
Package graphics Info: Driver file: xetex.def on input line 107.
 (d:/texlive/2022/texmf-dist/tex/latex/graphics-def/xetex.def
File: xetex.def 2021/03/18 v5.0k Graphics/color driver for xetex
))
\Gin@req@height=\dimen178
\Gin@req@width=\dimen179
) (d:/texlive/2022/texmf-dist/tex/latex/wrapfig/wrapfig.sty
\wrapoverhang=\dimen180
\WF@size=\dimen181
\c@WF@wrappedlines=\count299
\WF@box=\box55
\WF@everypar=\toks18
Package: wrapfig 2003/01/31  v 3.6
) (d:/texlive/2022/texmf-dist/tex/latex/tools/array.sty
Package: array 2021/10/04 v2.5f Tabular extension package (FMi)
\col@sep=\dimen182
\ar@mcellbox=\box56
\extrarowheight=\dimen183
\NC@list=\toks19
\extratabsurround=\skip66
\backup@length=\skip67
\ar@cellbox=\box57
) (d:/texlive/2022/texmf-dist/tex/xelatex/xunicode/xunicode.sty
File: xunicode.sty 2011/09/09 v0.981 provides access to latin accents and many other characters in Unicode lower plane
 (d:/texlive/2022/texmf-dist/tex/latex/tipa/t3enc.def
File: t3enc.def 2001/12/31 T3 encoding

Package fontspec Info: Could not resolve font "Microsoft YaHei Bold/I" (it
(fontspec)             probably doesn't exist).


Package fontspec Info: Could not resolve font "Microsoft YaHei/I" (it probably
(fontspec)             doesn't exist).

LaTeX Font Info:    Trying to load font information for TU+phv on input line 357.
LaTeX Font Info:    No file TUphv.fd. on input line 357.


LaTeX Font Warning: Font shape `TU/phv/m/n' undefined
(Font)              using `TU/lmr/m/n' instead on input line 357.


Package fontspec Info: Font family 'MicrosoftYaHei(0)' created for font
(fontspec)             'Microsoft YaHei' with options
(fontspec)             [Script={CJK},BoldFont={* Bold}].
(fontspec)              
(fontspec)              This font family consists of the following NFSS
(fontspec)             series/shapes:
(fontspec)              
(fontspec)             - 'normal' (m/n) with NFSS spec.: <->"Microsoft
(fontspec)             YaHei/OT:script=hani;language=dflt;"
(fontspec)             - 'small caps'  (m/sc) with NFSS spec.: 
(fontspec)             - 'bold' (b/n) with NFSS spec.: <->"Microsoft YaHei
(fontspec)             Bold/OT:script=hani;language=dflt;"
(fontspec)             - 'bold small caps'  (b/sc) with NFSS spec.: 
(fontspec)             - 'bold italic' (b/it) with NFSS spec.: <->"Microsoft
(fontspec)             YaHei/BI/OT:script=hani;language=dflt;"
(fontspec)             - 'bold italic small caps'  (b/scit) with NFSS spec.: 

)
\tipaTiiicode=\count300
\tipasavetokens=\toks20
\tipachecktokens=\toks21
) (d:/texlive/2022/texmf-dist/tex/xelatex/xltxtra/xltxtra.sty
Package: xltxtra 2018/12/31 v0.7 Improvements for the "XeLaTeX" format
 (d:/texlive/2022/texmf-dist/tex/generic/iftex/ifluatex.sty
Package: ifluatex 2019/10/25 v1.5 ifluatex legacy package. Use iftex instead.
 (d:/texlive/2022/texmf-dist/tex/generic/iftex/iftex.sty
Package: iftex 2022/02/03 v1.0f TeX engine tests
)) (d:/texlive/2022/texmf-dist/tex/generic/iftex/ifxetex.sty
Package: ifxetex 2019/10/25 v0.7 ifxetex legacy package. Use iftex instead.
) (d:/texlive/2022/texmf-dist/tex/latex/realscripts/realscripts.sty
Package: realscripts 2016/02/13 v0.3d Access OpenType subscripts and superscripts
\subsupersep=\dimen184
) (d:/texlive/2022/texmf-dist/tex/latex/metalogo/metalogo.sty
Package: metalogo 2010/05/29 v0.12 Extended TeX logo macros
\xl@everylogo=\toks22
\xl@@everylogo=\toks23
LaTeX Info: Redefining \TeX on input line 193.
LaTeX Info: Redefining \LaTeX on input line 202.
LaTeX Info: Redefining \LaTeXe on input line 219.
)
\l__xetex_show_hyphens_wrapping_box=\box58
\l__xetex_show_hyphens_temp_box=\box59
\l__xetex_show_hyphens_final_box=\box60
\g__xetex_show_hyphens_word_box=\box61
) (d:/texlive/2022/texmf-dist/tex/latex/titlesec/titlesec.sty
Package: titlesec 2021/07/05 v2.14 Sectioning titles
\ttl@box=\box62
\beforetitleunit=\skip68
\aftertitleunit=\skip69
\ttl@plus=\dimen185
\ttl@minus=\dimen186
\ttl@toksa=\toks24
\titlewidth=\dimen187
\titlewidthlast=\dimen188
\titlewidthfirst=\dimen189
) (d:/texlive/2022/texmf-dist/tex/latex/titlesec/titletoc.sty
Package: titletoc 2021/07/05 v2.14 TOC entries
\ttl@leftsep=\dimen190
) (d:/texlive/2022/texmf-dist/tex/latex/appendix/appendix.sty
Package: appendix 2020/02/08 v1.2c extra appendix facilities
\c@@pps=\count301
\c@@ppsavesec=\count302
\c@@ppsaveapp=\count303
) (d:/texlive/2022/texmf-dist/tex/latex/geometry/geometry.sty
Package: geometry 2020/01/02 v5.9 Page Geometry
 (d:/texlive/2022/texmf-dist/tex/generic/iftex/ifvtex.sty
Package: ifvtex 2019/10/25 v1.7 ifvtex legacy package. Use iftex instead.
)
\Gm@cnth=\count304
\Gm@cntv=\count305
\c@Gm@tempcnt=\count306
\Gm@bindingoffset=\dimen191
\Gm@wd@mp=\dimen192
\Gm@odd@mp=\dimen193
\Gm@even@mp=\dimen194
\Gm@layoutwidth=\dimen195
\Gm@layoutheight=\dimen196
\Gm@layouthoffset=\dimen197
\Gm@layoutvoffset=\dimen198
\Gm@dimlist=\toks25
) (d:/texlive/2022/texmf-dist/tex/latex/cite/cite.sty
LaTeX Info: Redefining \cite on input line 302.
LaTeX Info: Redefining \nocite on input line 332.
Package: cite 2015/02/27  v 5.5
) (d:/texlive/2022/texmf-dist/tex/latex/hyperref/hyperref.sty
Package: hyperref 2022-02-21 v7.00n Hypertext links for LaTeX
 (d:/texlive/2022/texmf-dist/tex/generic/ltxcmds/ltxcmds.sty
Package: ltxcmds 2020-05-10 v1.25 LaTeX kernel commands for general use (HO)
) (d:/texlive/2022/texmf-dist/tex/generic/pdftexcmds/pdftexcmds.sty
Package: pdftexcmds 2020-06-27 v0.33 Utility functions of pdfTeX for LuaTeX (HO)
 (d:/texlive/2022/texmf-dist/tex/generic/infwarerr/infwarerr.sty
Package: infwarerr 2019/12/03 v1.5 Providing info/warning/error messages (HO)
)
Package pdftexcmds Info: \pdf@primitive is available.
Package pdftexcmds Info: \pdf@ifprimitive is available.
Package pdftexcmds Info: \pdfdraftmode not found.
) (d:/texlive/2022/texmf-dist/tex/generic/kvsetkeys/kvsetkeys.sty
Package: kvsetkeys 2019/12/15 v1.18 Key value parser (HO)
) (d:/texlive/2022/texmf-dist/tex/generic/kvdefinekeys/kvdefinekeys.sty
Package: kvdefinekeys 2019-12-19 v1.6 Define keys (HO)
) (d:/texlive/2022/texmf-dist/tex/generic/pdfescape/pdfescape.sty
Package: pdfescape 2019/12/09 v1.15 Implements pdfTeX's escape features (HO)
) (d:/texlive/2022/texmf-dist/tex/latex/hycolor/hycolor.sty
Package: hycolor 2020-01-27 v1.10 Color options for hyperref/bookmark (HO)
) (d:/texlive/2022/texmf-dist/tex/latex/letltxmacro/letltxmacro.sty
Package: letltxmacro 2019/12/03 v1.6 Let assignment for LaTeX macros (HO)
) (d:/texlive/2022/texmf-dist/tex/latex/auxhook/auxhook.sty
Package: auxhook 2019-12-17 v1.6 Hooks for auxiliary files (HO)
) (d:/texlive/2022/texmf-dist/tex/latex/kvoptions/kvoptions.sty
Package: kvoptions 2020-10-07 v3.14 Key value format for package options (HO)
)
\@linkdim=\dimen199
\Hy@linkcounter=\count307
\Hy@pagecounter=\count308
 (d:/texlive/2022/texmf-dist/tex/latex/hyperref/pd1enc.def
File: pd1enc.def 2022-02-21 v7.00n Hyperref: PDFDocEncoding definition (HO)
) (d:/texlive/2022/texmf-dist/tex/generic/intcalc/intcalc.sty
Package: intcalc 2019/12/15 v1.3 Expandable calculations with integers (HO)
) (d:/texlive/2022/texmf-dist/tex/generic/etexcmds/etexcmds.sty
Package: etexcmds 2019/12/15 v1.7 Avoid name clashes with e-TeX commands (HO)
)
\Hy@SavedSpaceFactor=\count309
 (d:/texlive/2022/texmf-dist/tex/latex/hyperref/puenc.def
File: puenc.def 2022-02-21 v7.00n Hyperref: PDF Unicode definition (HO)
 (d:/texlive/2022/texmf-dist/tex/latex/hyperref/puenc-greekbasic.def
File: puenc-greekbasic.def 2022-02-21 v7.00n Hyperref: PDF Unicode definition (greek block) (HO)
))
Package hyperref Info: Option `unicode' set `true' on input line 4018.
Package hyperref Info: Hyper figures OFF on input line 4137.
Package hyperref Info: Link nesting OFF on input line 4142.
Package hyperref Info: Hyper index ON on input line 4145.
Package hyperref Info: Plain pages OFF on input line 4152.
Package hyperref Info: Backreferencing OFF on input line 4157.
Package hyperref Info: Implicit mode ON; LaTeX internals redefined.
Package hyperref Info: Bookmarks ON on input line 4390.
\c@Hy@tempcnt=\count310
 (d:/texlive/2022/texmf-dist/tex/latex/url/url.sty
\Urlmuskip=\muskip17
Package: url 2013/09/16  ver 3.4  Verb mode for urls, etc.
)
LaTeX Info: Redefining \url on input line 4749.
\XeTeXLinkMargin=\dimen256
 (d:/texlive/2022/texmf-dist/tex/generic/bitset/bitset.sty
Package: bitset 2019/12/09 v1.3 Handle bit-vector datatype (HO)
 (d:/texlive/2022/texmf-dist/tex/generic/bigintcalc/bigintcalc.sty
Package: bigintcalc 2019/12/15 v1.5 Expandable calculations on big integers (HO)
))
\Fld@menulength=\count311
\Field@Width=\dimen257
\Fld@charsize=\dimen258
Package hyperref Info: Hyper figures OFF on input line 6027.
Package hyperref Info: Link nesting OFF on input line 6032.
Package hyperref Info: Hyper index ON on input line 6035.
Package hyperref Info: backreferencing OFF on input line 6042.
Package hyperref Info: Link coloring OFF on input line 6047.
Package hyperref Info: Link coloring with OCG OFF on input line 6052.
Package hyperref Info: PDF/A mode OFF on input line 6057.
LaTeX Info: Redefining \ref on input line 6097.
LaTeX Info: Redefining \pageref on input line 6101.
 (d:/texlive/2022/texmf-dist/tex/latex/base/atbegshi-ltx.sty
Package: atbegshi-ltx 2021/01/10 v1.0c Emulation of the original atbegshi
package with kernel methods
)
\Hy@abspage=\count312
\c@Item=\count313
\c@Hfootnote=\count314
)
Package hyperref Info: Driver (autodetected): hxetex.
 (d:/texlive/2022/texmf-dist/tex/latex/hyperref/hxetex.def
File: hxetex.def 2022-02-21 v7.00n Hyperref driver for XeTeX
 (d:/texlive/2022/texmf-dist/tex/generic/stringenc/stringenc.sty
Package: stringenc 2019/11/29 v1.12 Convert strings between diff. encodings (HO)
)
\pdfm@box=\box63
\c@Hy@AnnotLevel=\count315
\HyField@AnnotCount=\count316
\Fld@listcount=\count317
\c@bookmark@seq@number=\count318
 (d:/texlive/2022/texmf-dist/tex/latex/rerunfilecheck/rerunfilecheck.sty
Package: rerunfilecheck 2019/12/05 v1.9 Rerun checks for auxiliary files (HO)
 (d:/texlive/2022/texmf-dist/tex/latex/base/atveryend-ltx.sty
Package: atveryend-ltx 2020/08/19 v1.0a Emulation of the original atveryend package
with kernel methods
) (d:/texlive/2022/texmf-dist/tex/generic/uniquecounter/uniquecounter.sty
Package: uniquecounter 2019/12/15 v1.4 Provide unlimited unique counter (HO)
)
Package uniquecounter Info: New unique counter `rerunfilecheck' on input line 286.
)
\Hy@SectionHShift=\skip70
) (./mcode.sty
-- Package: `mcode' 2.7 <2015/11/11> --
Package: mcode 2015/11/11 2.7
 - settings optimized for display (colour formating)
 - line numbering enabled
 - literate programming (character replacements) enabled
 - automatic line breaking enabled (careful, buggy!)
 - framed listings
(d:/texlive/2022/texmf-dist/tex/latex/xcolor/xcolor.sty
Package: xcolor 2021/10/31 v2.13 LaTeX color extensions (UK)
 (d:/texlive/2022/texmf-dist/tex/latex/graphics-cfg/color.cfg
File: color.cfg 2016/01/02 v1.6 sample color configuration
)
Package xcolor Info: Driver file: xetex.def on input line 227.
Package xcolor Info: Model `cmy' substituted by `cmy0' on input line 1352.
Package xcolor Info: Model `RGB' extended on input line 1368.
Package xcolor Info: Model `HTML' substituted by `rgb' on input line 1370.
Package xcolor Info: Model `Hsb' substituted by `hsb' on input line 1371.
Package xcolor Info: Model `tHsb' substituted by `hsb' on input line 1372.
Package xcolor Info: Model `HSB' substituted by `hsb' on input line 1373.
Package xcolor Info: Model `Gray' substituted by `gray' on input line 1374.
Package xcolor Info: Model `wave' substituted by `hsb' on input line 1375.
)
\lbreakdots=\box64
LaTeX Font Info:    Trying to load font information for TU+pcr on input line 230.
LaTeX Font Info:    No file TUpcr.fd. on input line 230.


LaTeX Font Warning: Font shape `TU/pcr/m/n' undefined
(Font)              using `TU/lmr/m/n' instead on input line 230.

)
./shangji_2.tex:77: Undefined control sequence.
<recently read> \usas 
                      
l.77 \usas
           pd
The control sequence at the end of the top line
of your error message was never \def'ed. If you have
misspelled it (e.g., `\hobx'), type `I' and the correct
spelling (e.g., `I\hbox'). Otherwise just continue,
and I'll forget about whatever was undefined.


./shangji_2.tex:77: LaTeX Error: Missing \begin{document}.

See the LaTeX manual or LaTeX Companion for explanation.
Type  H <return>  for immediate help.
 ...                                              
                                                  
l.77 \usas p
            d
You're in trouble here.  Try typing  <return>  to proceed.
If that doesn't work, type  X <return>  to quit.

./shangji_2.tex:79: Missing $ inserted.
<inserted text> 
                $
l.79 df=pd.read_
                excel("3-15.epackage{graphicx}
I've inserted a begin-math/end-math symbol since I think
you left one out. Proceed, with fingers crossed.

LaTeX Font Info:    External font `cmex10' loaded for size
(Font)              <12> on input line 79.
LaTeX Font Info:    External font `cmex10' loaded for size
(Font)              <8> on input line 79.
LaTeX Font Info:    External font `cmex10' loaded for size
(Font)              <6> on input line 79.
(d:/texlive/2022/texmf-dist/tex/latex/subfig/subfig.sty
d:/texlive/2022/texmf-dist/tex/latex/subfig/subfig.sty:62: Missing $ inserted.
<inserted text> 
                $
l.62 
     
I've inserted a begin-math/end-math symbol since I think
you left one out. Proceed, with fingers crossed.


Overfull \hbox (26.84702pt too wide) in paragraph at lines 77--62
[]\TU/phv/m/n/12 pd import matplotlib.pyplot as plt df=pd.read$[]\OML/cmm/m/it/12 xcel\OT1/cmr/m/n/12 ("3 \OMS/cmsy/m/n/12 ^^@ \OT1/cmr/m/n/12 15\OML/cmm/m/it/12 :epackage[]$ 
 []

Package: subfig 2005/06/28 ver: 1.3 subfig package

d:/texlive/2022/texmf-dist/tex/latex/subfig/subfig.sty:90: LaTeX Error: Missing \begin{document}.

See the LaTeX manual or LaTeX Companion for explanation.
Type  H <return>  for immediate help.
 ...                                              
                                                  
l.90   \csname endtable*\endcsname
                                  
You're in trouble here.  Try typing  <return>  to proceed.
If that doesn't work, type  X <return>  to quit.

d:/texlive/2022/texmf-dist/tex/latex/subfig/subfig.sty:122: Use of \sf doesn't match its definition.
l.122 \sf@u
           secaptionfoundfalse
If you say, e.g., `\def\a1{...}', then you must always
put `1' after `\a', since control sequence names are
made up of letters only. The macro here has not been
followed by the required stuff, so I'm ignoring it.

d:/texlive/2022/texmf-dist/tex/latex/subfig/subfig.sty:124: Use of \sf doesn't match its definition.
l.124 \sf@u
           secaptiontrue
If you say, e.g., `\def\a1{...}', then you must always
put `1' after `\a', since control sequence names are
made up of letters only. The macro here has not been
followed by the required stuff, so I'm ignoring it.

d:/texlive/2022/texmf-dist/tex/latex/subfig/subfig.sty:127: Undefined control sequence.
l.127 \@for\CurrentOption:=\sf@temp\do
                                      {%
The control sequence at the end of the top line
of your error message was never \def'ed. If you have
misspelled it (e.g., `\hobx'), type `I' and the correct
spelling (e.g., `I\hbox'). Otherwise just continue,
and I'll forget about whatever was undefined.

d:/texlive/2022/texmf-dist/tex/latex/subfig/subfig.sty:128: Use of \sf doesn't match its definition.
l.128   \expandafter\sf@s
                         plit\CurrentOption==\relax}
If you say, e.g., `\def\a1{...}', then you must always
put `1' after `\a', since control sequence names are
made up of letters only. The macro here has not been
followed by the required stuff, so I'm ignoring it.

(d:/texlive/2022/texmf-dist/tex/latex/caption/caption3.sty
Package: caption3 2022/03/17 v2.3b caption3 kernel (AR)
\caption@tempdima=\dimen259
\captionmargin=\dimen260
\caption@leftmargin=\dimen261
\caption@rightmargin=\dimen262
\caption@width=\dimen263
\caption@indent=\dimen264
\caption@parindent=\dimen265
\caption@hangindent=\dimen266
Package caption Info: Standard document class detected.
)
d:/texlive/2022/texmf-dist/tex/latex/subfig/subfig.sty:149: Missing control sequence inserted.
<inserted text> 
                \inaccessible 
l.149 \def
          \caption@setlistofformat#1{%
Please don't say `\def cs{...}', say `\def\cs{...}'.
I've inserted an inaccessible control sequence so that your
definition will be completed without mixing me up too badly.
You can recover graciously from this error, if you're
careful; see exercise 27.2 in The TeXbook.

d:/texlive/2022/texmf-dist/tex/latex/subfig/subfig.sty:149: Missing { inserted.
<recently read> }
                 
l.149 \def
          \caption@setlistofformat#1{%
Where was the left brace? You said something like `\def\a}',
which I'm going to interpret as `\def\a{}'.

d:/texlive/2022/texmf-dist/tex/latex/subfig/subfig.sty:149: You can't use `macro parameter character #' in horizontal mode.
\DeclareCaptionListOfFormat ...aption@lstfmt@#1}##
                                                  1##2
l.149 \def
          \caption@setlistofformat#1{%
Sorry, but I'm not programmed to handle this case;
I'll just pretend that you didn't ask for it.
If you're in the wrong mode, you might be able to
return to the right one by typing `I}' or `I$' or `I\par'.

d:/texlive/2022/texmf-dist/tex/latex/subfig/subfig.sty:149: You can't use `macro parameter character #' in horizontal mode.
<recently read> ##
                  
l.149 \def
          \caption@setlistofformat#1{%
Sorry, but I'm not programmed to handle this case;
I'll just pretend that you didn't ask for it.
If you're in the wrong mode, you might be able to
return to the right one by typing `I}' or `I$' or `I\par'.

d:/texlive/2022/texmf-dist/tex/latex/subfig/subfig.sty:149: You can't use `macro parameter character #' in horizontal mode.
<recently read> ##
                  
l.149 \def\caption@setlistofformat#
                                   1{%
Sorry, but I'm not programmed to handle this case;
I'll just pretend that you didn't ask for it.
If you're in the wrong mode, you might be able to
return to the right one by typing `I}' or `I$' or `I\par'.

d:/texlive/2022/texmf-dist/tex/latex/subfig/subfig.sty:150: You can't use `macro parameter character #' in horizontal mode.
<recently read> ##
                  
l.150   \@ifundefined{caption@lstfmt@#
                                      1}{%
Sorry, but I'm not programmed to handle this case;
I'll just pretend that you didn't ask for it.
If you're in the wrong mode, you might be able to
return to the right one by typing `I}' or `I$' or `I\par'.


d:/texlive/2022/texmf-dist/tex/latex/subfig/subfig.sty:154: Illegal parameter number in definition of  .
<to be read again> 
                   1
l.154       {\caption@eh}
                         %
You meant to type ## instead of #, right?
Or maybe a } was forgotten somewhere earlier, and things
are all screwed up? I'm going to assume that you meant ##.

d:/texlive/2022/texmf-dist/tex/latex/subfig/subfig.sty:154: Package subfig Error: Undefined caption list-of format `##1'.

See the subfig package documentation for explanation.
Type  H <return>  for immediate help.
 ...                                              
                                                  
l.154       {\caption@eh}
                         %
\caption @eh

d:/texlive/2022/texmf-dist/tex/latex/subfig/subfig.sty:158: You can't use `macro parameter character #' in horizontal mode.
\DeclareCaptionListOfFormat ...aption@lstfmt@#1}##
                                                  1##2
l.158 \DeclareCaptionListOfFormat{empty}
                                        {}
Sorry, but I'm not programmed to handle this case;
I'll just pretend that you didn't ask for it.
If you're in the wrong mode, you might be able to
return to the right one by typing `I}' or `I$' or `I\par'.

d:/texlive/2022/texmf-dist/tex/latex/subfig/subfig.sty:158: You can't use `macro parameter character #' in horizontal mode.
<recently read> ##
                  
l.158 \DeclareCaptionListOfFormat{empty}
                                        {}
Sorry, but I'm not programmed to handle this case;
I'll just pretend that you didn't ask for it.
If you're in the wrong mode, you might be able to
return to the right one by typing `I}' or `I$' or `I\par'.

d:/texlive/2022/texmf-dist/tex/latex/subfig/subfig.sty:159: You can't use `macro parameter character #' in horizontal mode.
\DeclareCaptionListOfFormat ...aption@lstfmt@#1}##
                                                  1##2
l.159 \DeclareCaptionListOfFormat{simple}
                                         {#1#2}
Sorry, but I'm not programmed to handle this case;
I'll just pretend that you didn't ask for it.
If you're in the wrong mode, you might be able to
return to the right one by typing `I}' or `I$' or `I\par'.

d:/texlive/2022/texmf-dist/tex/latex/subfig/subfig.sty:159: You can't use `macro parameter character #' in horizontal mode.
<recently read> ##
                  
l.159 \DeclareCaptionListOfFormat{simple}
                                         {#1#2}
Sorry, but I'm not programmed to handle this case;
I'll just pretend that you didn't ask for it.
If you're in the wrong mode, you might be able to
return to the right one by typing `I}' or `I$' or `I\par'.

d:/texlive/2022/texmf-dist/tex/latex/subfig/subfig.sty:159: You can't use `macro parameter character #' in horizontal mode.
l.159 \DeclareCaptionListOfFormat{simple}{#
                                           1#2}
Sorry, but I'm not programmed to handle this case;
I'll just pretend that you didn't ask for it.
If you're in the wrong mode, you might be able to
return to the right one by typing `I}' or `I$' or `I\par'.

d:/texlive/2022/texmf-dist/tex/latex/subfig/subfig.sty:159: You can't use `macro parameter character #' in horizontal mode.
<recently read> ##
                  
l.159 \DeclareCaptionListOfFormat{simple}{#1#
                                             2}
Sorry, but I'm not programmed to handle this case;
I'll just pretend that you didn't ask for it.
If you're in the wrong mode, you might be able to
return to the right one by typing `I}' or `I$' or `I\par'.

d:/texlive/2022/texmf-dist/tex/latex/subfig/subfig.sty:160: You can't use `macro parameter character #' in horizontal mode.
\DeclareCaptionListOfFormat ...aption@lstfmt@#1}##
                                                  1##2
l.160 \DeclareCaptionListOfFormat{parens}
                                         {#1(#2)}
Sorry, but I'm not programmed to handle this case;
I'll just pretend that you didn't ask for it.
If you're in the wrong mode, you might be able to
return to the right one by typing `I}' or `I$' or `I\par'.

d:/texlive/2022/texmf-dist/tex/latex/subfig/subfig.sty:160: You can't use `macro parameter character #' in horizontal mode.
<recently read> ##
                  
l.160 \DeclareCaptionListOfFormat{parens}
                                         {#1(#2)}
Sorry, but I'm not programmed to handle this case;
I'll just pretend that you didn't ask for it.
If you're in the wrong mode, you might be able to
return to the right one by typing `I}' or `I$' or `I\par'.

d:/texlive/2022/texmf-dist/tex/latex/subfig/subfig.sty:160: You can't use `macro parameter character #' in horizontal mode.
l.160 \DeclareCaptionListOfFormat{parens}{#
                                           1(#2)}
Sorry, but I'm not programmed to handle this case;
I'll just pretend that you didn't ask for it.
If you're in the wrong mode, you might be able to
return to the right one by typing `I}' or `I$' or `I\par'.

d:/texlive/2022/texmf-dist/tex/latex/subfig/subfig.sty:160: You can't use `macro parameter character #' in horizontal mode.
l.160 \DeclareCaptionListOfFormat{parens}{#1(#
                                              2)}
Sorry, but I'm not programmed to handle this case;
I'll just pretend that you didn't ask for it.
If you're in the wrong mode, you might be able to
return to the right one by typing `I}' or `I$' or `I\par'.

d:/texlive/2022/texmf-dist/tex/latex/subfig/subfig.sty:161: You can't use `macro parameter character #' in horizontal mode.
\DeclareCaptionListOfFormat ...aption@lstfmt@#1}##
                                                  1##2
l.161 \DeclareCaptionListOfFormat{subsimple}
                                            {#2}
Sorry, but I'm not programmed to handle this case;
I'll just pretend that you didn't ask for it.
If you're in the wrong mode, you might be able to
return to the right one by typing `I}' or `I$' or `I\par'.

d:/texlive/2022/texmf-dist/tex/latex/subfig/subfig.sty:161: You can't use `macro parameter character #' in horizontal mode.
<recently read> ##
                  
l.161 \DeclareCaptionListOfFormat{subsimple}
                                            {#2}
Sorry, but I'm not programmed to handle this case;
I'll just pretend that you didn't ask for it.
If you're in the wrong mode, you might be able to
return to the right one by typing `I}' or `I$' or `I\par'.

d:/texlive/2022/texmf-dist/tex/latex/subfig/subfig.sty:161: You can't use `macro parameter character #' in horizontal mode.
l.161 \DeclareCaptionListOfFormat{subsimple}{#
                                              2}
Sorry, but I'm not programmed to handle this case;
I'll just pretend that you didn't ask for it.
If you're in the wrong mode, you might be able to
return to the right one by typing `I}' or `I$' or `I\par'.

d:/texlive/2022/texmf-dist/tex/latex/subfig/subfig.sty:162: You can't use `macro parameter character #' in horizontal mode.
\DeclareCaptionListOfFormat ...aption@lstfmt@#1}##
                                                  1##2
l.162 \DeclareCaptionListOfFormat{subparens}
                                            {(#2)}
Sorry, but I'm not programmed to handle this case;
I'll just pretend that you didn't ask for it.
If you're in the wrong mode, you might be able to
return to the right one by typing `I}' or `I$' or `I\par'.

d:/texlive/2022/texmf-dist/tex/latex/subfig/subfig.sty:162: You can't use `macro parameter character #' in horizontal mode.
<recently read> ##
                  
l.162 \DeclareCaptionListOfFormat{subparens}
                                            {(#2)}
Sorry, but I'm not programmed to handle this case;
I'll just pretend that you didn't ask for it.
If you're in the wrong mode, you might be able to
return to the right one by typing `I}' or `I$' or `I\par'.

d:/texlive/2022/texmf-dist/tex/latex/subfig/subfig.sty:162: You can't use `macro parameter character #' in horizontal mode.
l.162 \DeclareCaptionListOfFormat{subparens}{(#
                                               2)}
Sorry, but I'm not programmed to handle this case;
I'll just pretend that you didn't ask for it.
If you're in the wrong mode, you might be able to
return to the right one by typing `I}' or `I$' or `I\par'.

d:/texlive/2022/texmf-dist/tex/latex/subfig/subfig.sty:165: Undefined control sequence.
l.165 \define
             @key{caption}{listofindent}[3.8em]{\def\sf@indent{#1}}
The control sequence at the end of the top line
of your error message was never \def'ed. If you have
misspelled it (e.g., `\hobx'), type `I' and the correct
spelling (e.g., `I\hbox'). Otherwise just continue,
and I'll forget about whatever was undefined.

d:/texlive/2022/texmf-dist/tex/latex/subfig/subfig.sty:165: Illegal parameter number in definition of \sf.
<to be read again> 
                   1
l.165 ...n}{listofindent}[3.8em]{\def\sf@indent{#1
                                                  }}
You meant to type ## instead of #, right?
Or maybe a } was forgotten somewhere earlier, and things
are all screwed up? I'm going to assume that you meant ##.

d:/texlive/2022/texmf-dist/tex/latex/subfig/subfig.sty:167: Undefined control sequence.
l.167 \define
             @key{caption}{listofnumwidth}[2.5em]{\def\sf@numwidth{#1}}
The control sequence at the end of the top line
of your error message was never \def'ed. If you have
misspelled it (e.g., `\hobx'), type `I' and the correct
spelling (e.g., `I\hbox'). Otherwise just continue,
and I'll forget about whatever was undefined.

d:/texlive/2022/texmf-dist/tex/latex/subfig/subfig.sty:167: Illegal parameter number in definition of \sf.
<to be read again> 
                   1
l.167 ...istofnumwidth}[2.5em]{\def\sf@numwidth{#1
                                                  }}
You meant to type ## instead of #, right?
Or maybe a } was forgotten somewhere earlier, and things
are all screwed up? I'm going to assume that you meant ##.

d:/texlive/2022/texmf-dist/tex/latex/subfig/subfig.sty:171: Missing control sequence inserted.
<inserted text> 
                \inaccessible 
l.171 \def
          \caption@setsubrefformat#1{%
Please don't say `\def cs{...}', say `\def\cs{...}'.
I've inserted an inaccessible control sequence so that your
definition will be completed without mixing me up too badly.
You can recover graciously from this error, if you're
careful; see exercise 27.2 in The TeXbook.

d:/texlive/2022/texmf-dist/tex/latex/subfig/subfig.sty:171: Missing { inserted.
<recently read> }
                 
l.171 \def
          \caption@setsubrefformat#1{%
Where was the left brace? You said something like `\def\a}',
which I'm going to interpret as `\def\a{}'.

d:/texlive/2022/texmf-dist/tex/latex/subfig/subfig.sty:171: You can't use `macro parameter character #' in horizontal mode.
\DeclareSubrefFormat ...ef{caption@subreffmt@#1}##
                                                  1##2##3##4
l.171 \def
          \caption@setsubrefformat#1{%
Sorry, but I'm not programmed to handle this case;
I'll just pretend that you didn't ask for it.
If you're in the wrong mode, you might be able to
return to the right one by typing `I}' or `I$' or `I\par'.

d:/texlive/2022/texmf-dist/tex/latex/subfig/subfig.sty:171: You can't use `macro parameter character #' in horizontal mode.
<recently read> ##
                  
l.171 \def
          \caption@setsubrefformat#1{%
Sorry, but I'm not programmed to handle this case;
I'll just pretend that you didn't ask for it.
If you're in the wrong mode, you might be able to
return to the right one by typing `I}' or `I$' or `I\par'.

d:/texlive/2022/texmf-dist/tex/latex/subfig/subfig.sty:171: You can't use `macro parameter character #' in horizontal mode.
<recently read> ##
                  
l.171 \def
          \caption@setsubrefformat#1{%
Sorry, but I'm not programmed to handle this case;
I'll just pretend that you didn't ask for it.
If you're in the wrong mode, you might be able to
return to the right one by typing `I}' or `I$' or `I\par'.

d:/texlive/2022/texmf-dist/tex/latex/subfig/subfig.sty:171: You can't use `macro parameter character #' in horizontal mode.
<recently read> ##
                  
l.171 \def
          \caption@setsubrefformat#1{%
Sorry, but I'm not programmed to handle this case;
I'll just pretend that you didn't ask for it.
If you're in the wrong mode, you might be able to
return to the right one by typing `I}' or `I$' or `I\par'.

d:/texlive/2022/texmf-dist/tex/latex/subfig/subfig.sty:171: You can't use `macro parameter character #' in horizontal mode.
<recently read> ##
                  
l.171 \def\caption@setsubrefformat#
                                   1{%
Sorry, but I'm not programmed to handle this case;
I'll just pretend that you didn't ask for it.
If you're in the wrong mode, you might be able to
return to the right one by typing `I}' or `I$' or `I\par'.

d:/texlive/2022/texmf-dist/tex/latex/subfig/subfig.sty:172: You can't use `macro parameter character #' in horizontal mode.
<recently read> ##
                  
l.172   \@ifundefined{caption@subreffmt@#
                                         1}{%
Sorry, but I'm not programmed to handle this case;
I'll just pretend that you didn't ask for it.
If you're in the wrong mode, you might be able to
return to the right one by typing `I}' or `I$' or `I\par'.


d:/texlive/2022/texmf-dist/tex/latex/subfig/subfig.sty:176: Illegal parameter number in definition of  .
<to be read again> 
                   1
l.176       {\caption@eh}
                         %
You meant to type ## instead of #, right?
Or maybe a } was forgotten somewhere earlier, and things
are all screwed up? I'm going to assume that you meant ##.

d:/texlive/2022/texmf-dist/tex/latex/subfig/subfig.sty:176: Package subfig Error: Undefined subref format `##1'.

See the subfig package documentation for explanation.
Type  H <return>  for immediate help.
 ...                                              
                                                  
l.176       {\caption@eh}
                         %
\caption @eh

d:/texlive/2022/texmf-dist/tex/latex/subfig/subfig.sty:180: You can't use `macro parameter character #' in horizontal mode.
\DeclareSubrefFormat ...ef{caption@subreffmt@#1}##
                                                  1##2##3##4
l.180 \DeclareSubrefFormat{empty}
                                 {}
Sorry, but I'm not programmed to handle this case;
I'll just pretend that you didn't ask for it.
If you're in the wrong mode, you might be able to
return to the right one by typing `I}' or `I$' or `I\par'.

d:/texlive/2022/texmf-dist/tex/latex/subfig/subfig.sty:180: You can't use `macro parameter character #' in horizontal mode.
<recently read> ##
                  
l.180 \DeclareSubrefFormat{empty}
                                 {}
Sorry, but I'm not programmed to handle this case;
I'll just pretend that you didn't ask for it.
If you're in the wrong mode, you might be able to
return to the right one by typing `I}' or `I$' or `I\par'.

d:/texlive/2022/texmf-dist/tex/latex/subfig/subfig.sty:180: You can't use `macro parameter character #' in horizontal mode.
<recently read> ##
                  
l.180 \DeclareSubrefFormat{empty}
                                 {}
Sorry, but I'm not programmed to handle this case;
I'll just pretend that you didn't ask for it.
If you're in the wrong mode, you might be able to
return to the right one by typing `I}' or `I$' or `I\par'.

d:/texlive/2022/texmf-dist/tex/latex/subfig/subfig.sty:180: You can't use `macro parameter character #' in horizontal mode.
<recently read> ##
                  
l.180 \DeclareSubrefFormat{empty}
                                 {}
Sorry, but I'm not programmed to handle this case;
I'll just pretend that you didn't ask for it.
If you're in the wrong mode, you might be able to
return to the right one by typing `I}' or `I$' or `I\par'.

d:/texlive/2022/texmf-dist/tex/latex/subfig/subfig.sty:181: You can't use `macro parameter character #' in horizontal mode.
\DeclareSubrefFormat ...ef{caption@subreffmt@#1}##
                                                  1##2##3##4
l.181 \DeclareSubrefFormat{simple}
                                  {#1#2}
Sorry, but I'm not programmed to handle this case;
I'll just pretend that you didn't ask for it.
If you're in the wrong mode, you might be able to
return to the right one by typing `I}' or `I$' or `I\par'.

d:/texlive/2022/texmf-dist/tex/latex/subfig/subfig.sty:181: You can't use `macro parameter character #' in horizontal mode.
<recently read> ##
                  
l.181 \DeclareSubrefFormat{simple}
                                  {#1#2}
Sorry, but I'm not programmed to handle this case;
I'll just pretend that you didn't ask for it.
If you're in the wrong mode, you might be able to
return to the right one by typing `I}' or `I$' or `I\par'.

d:/texlive/2022/texmf-dist/tex/latex/subfig/subfig.sty:181: You can't use `macro parameter character #' in horizontal mode.
<recently read> ##
                  
l.181 \DeclareSubrefFormat{simple}
                                  {#1#2}
Sorry, but I'm not programmed to handle this case;
I'll just pretend that you didn't ask for it.
If you're in the wrong mode, you might be able to
return to the right one by typing `I}' or `I$' or `I\par'.

d:/texlive/2022/texmf-dist/tex/latex/subfig/subfig.sty:181: You can't use `macro parameter character #' in horizontal mode.
<recently read> ##
                  
l.181 \DeclareSubrefFormat{simple}
                                  {#1#2}
Sorry, but I'm not programmed to handle this case;
I'll just pretend that you didn't ask for it.
If you're in the wrong mode, you might be able to
return to the right one by typing `I}' or `I$' or `I\par'.

d:/texlive/2022/texmf-dist/tex/latex/subfig/subfig.sty:181: You can't use `macro parameter character #' in horizontal mode.
l.181 \DeclareSubrefFormat{simple}{#
                                    1#2}
Sorry, but I'm not programmed to handle this case;
I'll just pretend that you didn't ask for it.
If you're in the wrong mode, you might be able to
return to the right one by typing `I}' or `I$' or `I\par'.

d:/texlive/2022/texmf-dist/tex/latex/subfig/subfig.sty:181: You can't use `macro parameter character #' in horizontal mode.
<recently read> ##
                  
l.181 \DeclareSubrefFormat{simple}{#1#
                                      2}
Sorry, but I'm not programmed to handle this case;
I'll just pretend that you didn't ask for it.
If you're in the wrong mode, you might be able to
return to the right one by typing `I}' or `I$' or `I\par'.

d:/texlive/2022/texmf-dist/tex/latex/subfig/subfig.sty:182: You can't use `macro parameter character #' in horizontal mode.
\DeclareSubrefFormat ...ef{caption@subreffmt@#1}##
                                                  1##2##3##4
l.182 \DeclareSubrefFormat{parens}
                                  {#1(#2)}
Sorry, but I'm not programmed to handle this case;
I'll just pretend that you didn't ask for it.
If you're in the wrong mode, you might be able to
return to the right one by typing `I}' or `I$' or `I\par'.

d:/texlive/2022/texmf-dist/tex/latex/subfig/subfig.sty:182: You can't use `macro parameter character #' in horizontal mode.
<recently read> ##
                  
l.182 \DeclareSubrefFormat{parens}
                                  {#1(#2)}
Sorry, but I'm not programmed to handle this case;
I'll just pretend that you didn't ask for it.
If you're in the wrong mode, you might be able to
return to the right one by typing `I}' or `I$' or `I\par'.

d:/texlive/2022/texmf-dist/tex/latex/subfig/subfig.sty:182: You can't use `macro parameter character #' in horizontal mode.
<recently read> ##
                  
l.182 \DeclareSubrefFormat{parens}
                                  {#1(#2)}
Sorry, but I'm not programmed to handle this case;
I'll just pretend that you didn't ask for it.
If you're in the wrong mode, you might be able to
return to the right one by typing `I}' or `I$' or `I\par'.

d:/texlive/2022/texmf-dist/tex/latex/subfig/subfig.sty:182: You can't use `macro parameter character #' in horizontal mode.
<recently read> ##
                  
l.182 \DeclareSubrefFormat{parens}
                                  {#1(#2)}
Sorry, but I'm not programmed to handle this case;
I'll just pretend that you didn't ask for it.
If you're in the wrong mode, you might be able to
return to the right one by typing `I}' or `I$' or `I\par'.

d:/texlive/2022/texmf-dist/tex/latex/subfig/subfig.sty:182: You can't use `macro parameter character #' in horizontal mode.
l.182 \DeclareSubrefFormat{parens}{#
                                    1(#2)}
Sorry, but I'm not programmed to handle this case;
I'll just pretend that you didn't ask for it.
If you're in the wrong mode, you might be able to
return to the right one by typing `I}' or `I$' or `I\par'.

d:/texlive/2022/texmf-dist/tex/latex/subfig/subfig.sty:182: You can't use `macro parameter character #' in horizontal mode.
l.182 \DeclareSubrefFormat{parens}{#1(#
                                       2)}
Sorry, but I'm not programmed to handle this case;
I'll just pretend that you didn't ask for it.
If you're in the wrong mode, you might be able to
return to the right one by typing `I}' or `I$' or `I\par'.

d:/texlive/2022/texmf-dist/tex/latex/subfig/subfig.sty:183: You can't use `macro parameter character #' in horizontal mode.
\DeclareSubrefFormat ...ef{caption@subreffmt@#1}##
                                                  1##2##3##4
l.183 \DeclareSubrefFormat{subsimple}
                                     {#2}
Sorry, but I'm not programmed to handle this case;
I'll just pretend that you didn't ask for it.
If you're in the wrong mode, you might be able to
return to the right one by typing `I}' or `I$' or `I\par'.

d:/texlive/2022/texmf-dist/tex/latex/subfig/subfig.sty:183: You can't use `macro parameter character #' in horizontal mode.
<recently read> ##
                  
l.183 \DeclareSubrefFormat{subsimple}
                                     {#2}
Sorry, but I'm not programmed to handle this case;
I'll just pretend that you didn't ask for it.
If you're in the wrong mode, you might be able to
return to the right one by typing `I}' or `I$' or `I\par'.

d:/texlive/2022/texmf-dist/tex/latex/subfig/subfig.sty:183: You can't use `macro parameter character #' in horizontal mode.
<recently read> ##
                  
l.183 \DeclareSubrefFormat{subsimple}
                                     {#2}
Sorry, but I'm not programmed to handle this case;
I'll just pretend that you didn't ask for it.
If you're in the wrong mode, you might be able to
return to the right one by typing `I}' or `I$' or `I\par'.

d:/texlive/2022/texmf-dist/tex/latex/subfig/subfig.sty:183: You can't use `macro parameter character #' in horizontal mode.
<recently read> ##
                  
l.183 \DeclareSubrefFormat{subsimple}
                                     {#2}
Sorry, but I'm not programmed to handle this case;
I'll just pretend that you didn't ask for it.
If you're in the wrong mode, you might be able to
return to the right one by typing `I}' or `I$' or `I\par'.

d:/texlive/2022/texmf-dist/tex/latex/subfig/subfig.sty:183: You can't use `macro parameter character #' in horizontal mode.
l.183 \DeclareSubrefFormat{subsimple}{#
                                       2}
Sorry, but I'm not programmed to handle this case;
I'll just pretend that you didn't ask for it.
If you're in the wrong mode, you might be able to
return to the right one by typing `I}' or `I$' or `I\par'.

d:/texlive/2022/texmf-dist/tex/latex/subfig/subfig.sty:184: You can't use `macro parameter character #' in horizontal mode.
\DeclareSubrefFormat ...ef{caption@subreffmt@#1}##
                                                  1##2##3##4
l.184 \DeclareSubrefFormat{subparens}
                                     {(#2)}
Sorry, but I'm not programmed to handle this case;
I'll just pretend that you didn't ask for it.
If you're in the wrong mode, you might be able to
return to the right one by typing `I}' or `I$' or `I\par'.

d:/texlive/2022/texmf-dist/tex/latex/subfig/subfig.sty:184: You can't use `macro parameter character #' in horizontal mode.
<recently read> ##
                  
l.184 \DeclareSubrefFormat{subparens}
                                     {(#2)}
Sorry, but I'm not programmed to handle this case;
I'll just pretend that you didn't ask for it.
If you're in the wrong mode, you might be able to
return to the right one by typing `I}' or `I$' or `I\par'.

d:/texlive/2022/texmf-dist/tex/latex/subfig/subfig.sty:184: You can't use `macro parameter character #' in horizontal mode.
<recently read> ##
                  
l.184 \DeclareSubrefFormat{subparens}
                                     {(#2)}
Sorry, but I'm not programmed to handle this case;
I'll just pretend that you didn't ask for it.
If you're in the wrong mode, you might be able to
return to the right one by typing `I}' or `I$' or `I\par'.

d:/texlive/2022/texmf-dist/tex/latex/subfig/subfig.sty:184: You can't use `macro parameter character #' in horizontal mode.
<recently read> ##
                  
l.184 \DeclareSubrefFormat{subparens}
                                     {(#2)}
Sorry, but I'm not programmed to handle this case;
I'll just pretend that you didn't ask for it.
If you're in the wrong mode, you might be able to
return to the right one by typing `I}' or `I$' or `I\par'.

d:/texlive/2022/texmf-dist/tex/latex/subfig/subfig.sty:184: You can't use `macro parameter character #' in horizontal mode.
l.184 \DeclareSubrefFormat{subparens}{(#
                                        2)}
Sorry, but I'm not programmed to handle this case;
I'll just pretend that you didn't ask for it.
If you're in the wrong mode, you might be able to
return to the right one by typing `I}' or `I$' or `I\par'.

\c@KVtest=\count319
d:/texlive/2022/texmf-dist/tex/latex/subfig/subfig.sty:269: Use of \@ doesn't match its definition.
l.269 \@o
         nlypreamble\@newsubfloat
If you say, e.g., `\def\a1{...}', then you must always
put `1' after `\a', since control sequence names are
made up of letters only. The macro here has not been
followed by the required stuff, so I'm ignoring it.

d:/texlive/2022/texmf-dist/tex/latex/subfig/subfig.sty:269: Use of \@ doesn't match its definition.
l.269 \@onlypreamble\@newsubfloat
                                 
If you say, e.g., `\def\a1{...}', then you must always
put `1' after `\a', since control sequence names are
made up of letters only. The macro here has not been
followed by the required stuff, so I'm ignoring it.

d:/texlive/2022/texmf-dist/tex/latex/subfig/subfig.sty:270: Use of \@ doesn't match its definition.
l.270 \@o
         nlypreamble\newsubfloat
If you say, e.g., `\def\a1{...}', then you must always
put `1' after `\a', since control sequence names are
made up of letters only. The macro here has not been
followed by the required stuff, so I'm ignoring it.

d:/texlive/2022/texmf-dist/tex/latex/subfig/subfig.sty:270: Use of \@ doesn't match its definition.
\newsubfloat ->\@i
                  fnextchar[ {\@newsubfloat} {\@newsubfloat[]}
l.270 \@onlypreamble\newsubfloat
                                
If you say, e.g., `\def\a1{...}', then you must always
put `1' after `\a', since control sequence names are
made up of letters only. The macro here has not been
followed by the required stuff, so I'm ignoring it.

d:/texlive/2022/texmf-dist/tex/latex/subfig/subfig.sty:270: Use of \@ doesn't match its definition.
\newsubfloat ->\@ifnextchar[ {\@newsubfloat}
                                             {\@newsubfloat[]}
l.270 \@onlypreamble\newsubfloat
                                
If you say, e.g., `\def\a1{...}', then you must always
put `1' after `\a', since control sequence names are
made up of letters only. The macro here has not been
followed by the required stuff, so I'm ignoring it.

d:/texlive/2022/texmf-dist/tex/latex/subfig/subfig.sty:270: Argument of \@ has an extra }.
<inserted text> 
                \par 
l.270 \@onlypreamble\newsubfloat
                                
I've run across a `}' that doesn't seem to match anything.
For example, `\def\a#1{...}' and `\a}' would produce
this error. If you simply proceed now, the `\par' that
I've just inserted will cause me to report a runaway
argument that might be the root of the problem. But if
your `}' was spurious, just type `2' and it will go away.

Runaway argument?
d:/texlive/2022/texmf-dist/tex/latex/subfig/subfig.sty:270: Paragraph ended before \@ was complete.
<to be read again> 
                   \par 
l.270 \@onlypreamble\newsubfloat
                                
I suspect you've forgotten a `}', causing me to apply this
control sequence to too much text. How can we recover?
My plan is to forget the whole thing and hope for the best.


Overfull \hbox (34.62782pt too wide) in paragraph at lines 90--270
\TU/phv/m/n/12 false @usecaption secaptiontrue  tempaempty for:=ptionlistcurrname.currextplit==
 []


Overfull \hbox (95.7718pt too wide) in paragraph at lines 90--270
\TU/phv/m/n/12 onlypreamblenamedefcaption@lstfmt@12@@setlistofformat1ifundefinedcaption@lstfmt@1lstfmt
 []


Overfull \hbox (168.24785pt too wide) in paragraph at lines 90--270
\TU/phv/m/n/12 namedefcaption@lstfmt@empty12 namedefcaption@lstfmt@simple1212 namedefcaption@lstfmt@parens121(2)
 []


Overfull \hbox (16.49182pt too wide) in paragraph at lines 90--270
\TU/phv/m/n/12 namedefcaption@lstfmt@subsimple122 namedefcaption@lstfmt@subparens12(2)
 []


Overfull \hbox (13.94801pt too wide) in paragraph at lines 90--270
\TU/phv/m/n/12 @keycaptionlistofindent[3.8em]  @keycaptionlistofnumwidth[2.5em]  onlypream-
 []


Overfull \hbox (114.68382pt too wide) in paragraph at lines 90--270
\TU/phv/m/n/12 blenamedefcaption@subreffmt@1234@@setsubrefformat1ifundefinedcaption@subreffmt@1subreffmt
 []


Overfull \hbox (30.67584pt too wide) in paragraph at lines 90--270
\TU/phv/m/n/12 namedefcaption@subreffmt@empty1234 namedefcaption@subreffmt@simple123412
 []


Overfull \hbox (64.75584pt too wide) in paragraph at lines 90--270
\TU/phv/m/n/12 namedefcaption@subreffmt@parens12341(2) namedefcaption@subreffmt@subsimple12342
 []

\sf=\skip71

d:/texlive/2022/texmf-dist/tex/latex/subfig/subfig.sty:271: LaTeX Error: Missing \begin{document}.

See the LaTeX manual or LaTeX Companion for explanation.
Type  H <return>  for immediate help.
 ...                                              
                                                  
l.271 \newskip\sf@
                  farskip
You're in trouble here.  Try typing  <return>  to proceed.
If that doesn't work, type  X <return>  to quit.

d:/texlive/2022/texmf-dist/tex/latex/subfig/subfig.sty:272: Missing number, treated as zero.
<to be read again> 
                   @
l.272 \sf@
          farskip 10\p@
A number should have been here; I inserted `0'.
(If you can't figure out why I needed to see a number,
look up `weird error' in the index to The TeXbook.)

d:/texlive/2022/texmf-dist/tex/latex/subfig/subfig.sty:272: Illegal unit of measure (pt inserted).
<to be read again> 
                   @
l.272 \sf@
          farskip 10\p@
Dimensions can be in units of em, ex, in, pt, pc,
cm, mm, dd, cc, bp, or sp; but yours is a new one!
I'll assume that you meant to say pt, for printer's points.
To recover gracefully from this error, it's best to
delete the erroneous units; e.g., type `2' to delete
two letters. (See Chapter 27 of The TeXbook.)

d:/texlive/2022/texmf-dist/tex/latex/subfig/subfig.sty:272: Undefined control sequence.
l.272 \sf@farskip 10\p
                      @
The control sequence at the end of the top line
of your error message was never \def'ed. If you have
misspelled it (e.g., `\hobx'), type `I' and the correct
spelling (e.g., `I\hbox'). Otherwise just continue,
and I'll forget about whatever was undefined.

d:/texlive/2022/texmf-dist/tex/latex/subfig/subfig.sty:273: Undefined control sequence.
l.273 \define
             @key{caption}{farskip}[10\p@]{\sf@farskip=#1}
The control sequence at the end of the top line
of your error message was never \def'ed. If you have
misspelled it (e.g., `\hobx'), type `I' and the correct
spelling (e.g., `I\hbox'). Otherwise just continue,
and I'll forget about whatever was undefined.

d:/texlive/2022/texmf-dist/tex/latex/subfig/subfig.sty:273: Undefined control sequence.
l.273 \define@key{caption}{farskip}[10\p
                                        @]{\sf@farskip=#1}
The control sequence at the end of the top line
of your error message was never \def'ed. If you have
misspelled it (e.g., `\hobx'), type `I' and the correct
spelling (e.g., `I\hbox'). Otherwise just continue,
and I'll forget about whatever was undefined.

d:/texlive/2022/texmf-dist/tex/latex/subfig/subfig.sty:273: Missing number, treated as zero.
<to be read again> 
                   @
l.273 \define@key{caption}{farskip}[10\p@]{\sf@
                                               farskip=#1}
A number should have been here; I inserted `0'.
(If you can't figure out why I needed to see a number,
look up `weird error' in the index to The TeXbook.)

d:/texlive/2022/texmf-dist/tex/latex/subfig/subfig.sty:273: Illegal unit of measure (pt inserted).
<to be read again> 
                   @
l.273 \define@key{caption}{farskip}[10\p@]{\sf@
                                               farskip=#1}
Dimensions can be in units of em, ex, in, pt, pc,
cm, mm, dd, cc, bp, or sp; but yours is a new one!
I'll assume that you meant to say pt, for printer's points.
To recover gracefully from this error, it's best to
delete the erroneous units; e.g., type `2' to delete
two letters. (See Chapter 27 of The TeXbook.)

d:/texlive/2022/texmf-dist/tex/latex/subfig/subfig.sty:273: You can't use `macro parameter character #' in horizontal mode.
<recently read> ##
                  
l.273 ...ey{caption}{farskip}[10\p@]{\sf@farskip=#
                                                  1}
Sorry, but I'm not programmed to handle this case;
I'll just pretend that you didn't ask for it.
If you're in the wrong mode, you might be able to
return to the right one by typing `I}' or `I$' or `I\par'.

\sf=\dimen267
d:/texlive/2022/texmf-dist/tex/latex/subfig/subfig.sty:275: Missing number, treated as zero.
<to be read again> 
                   @
l.275 \sf@
          captopadj \z@
A number should have been here; I inserted `0'.
(If you can't figure out why I needed to see a number,
look up `weird error' in the index to The TeXbook.)

d:/texlive/2022/texmf-dist/tex/latex/subfig/subfig.sty:275: Illegal unit of measure (pt inserted).
<to be read again> 
                   @
l.275 \sf@
          captopadj \z@
Dimensions can be in units of em, ex, in, pt, pc,
cm, mm, dd, cc, bp, or sp; but yours is a new one!
I'll assume that you meant to say pt, for printer's points.
To recover gracefully from this error, it's best to
delete the erroneous units; e.g., type `2' to delete
two letters. (See Chapter 27 of The TeXbook.)

d:/texlive/2022/texmf-dist/tex/latex/subfig/subfig.sty:275: Undefined control sequence.
l.275 \sf@captopadj \z
                      @
The control sequence at the end of the top line
of your error message was never \def'ed. If you have
misspelled it (e.g., `\hobx'), type `I' and the correct
spelling (e.g., `I\hbox'). Otherwise just continue,
and I'll forget about whatever was undefined.

d:/texlive/2022/texmf-dist/tex/latex/subfig/subfig.sty:276: Undefined control sequence.
l.276 \define
             @key{caption}{topadjust}[\z@]{\sf@captopadj=#1}
The control sequence at the end of the top line
of your error message was never \def'ed. If you have
misspelled it (e.g., `\hobx'), type `I' and the correct
spelling (e.g., `I\hbox'). Otherwise just continue,
and I'll forget about whatever was undefined.

d:/texlive/2022/texmf-dist/tex/latex/subfig/subfig.sty:276: Undefined control sequence.
l.276 \define@key{caption}{topadjust}[\z
                                        @]{\sf@captopadj=#1}
The control sequence at the end of the top line
of your error message was never \def'ed. If you have
misspelled it (e.g., `\hobx'), type `I' and the correct
spelling (e.g., `I\hbox'). Otherwise just continue,
and I'll forget about whatever was undefined.

d:/texlive/2022/texmf-dist/tex/latex/subfig/subfig.sty:276: Missing number, treated as zero.
<to be read again> 
                   @
l.276 \define@key{caption}{topadjust}[\z@]{\sf@
                                               captopadj=#1}
A number should have been here; I inserted `0'.
(If you can't figure out why I needed to see a number,
look up `weird error' in the index to The TeXbook.)

d:/texlive/2022/texmf-dist/tex/latex/subfig/subfig.sty:276: Illegal unit of measure (pt inserted).
<to be read again> 
                   @
l.276 \define@key{caption}{topadjust}[\z@]{\sf@
                                               captopadj=#1}
Dimensions can be in units of em, ex, in, pt, pc,
cm, mm, dd, cc, bp, or sp; but yours is a new one!
I'll assume that you meant to say pt, for printer's points.
To recover gracefully from this error, it's best to
delete the erroneous units; e.g., type `2' to delete
two letters. (See Chapter 27 of The TeXbook.)

d:/texlive/2022/texmf-dist/tex/latex/subfig/subfig.sty:276: You can't use `macro parameter character #' in horizontal mode.
<recently read> ##
                  
l.276 ...{caption}{topadjust}[\z@]{\sf@captopadj=#
                                                  1}
Sorry, but I'm not programmed to handle this case;
I'll just pretend that you didn't ask for it.
If you're in the wrong mode, you might be able to
return to the right one by typing `I}' or `I$' or `I\par'.

\sf=\skip72
d:/texlive/2022/texmf-dist/tex/latex/subfig/subfig.sty:278: Missing number, treated as zero.
<to be read again> 
                   @
l.278 \sf@
          capskip 4\p@
A number should have been here; I inserted `0'.
(If you can't figure out why I needed to see a number,
look up `weird error' in the index to The TeXbook.)

d:/texlive/2022/texmf-dist/tex/latex/subfig/subfig.sty:278: Illegal unit of measure (pt inserted).
<to be read again> 
                   @
l.278 \sf@
          capskip 4\p@
Dimensions can be in units of em, ex, in, pt, pc,
cm, mm, dd, cc, bp, or sp; but yours is a new one!
I'll assume that you meant to say pt, for printer's points.
To recover gracefully from this error, it's best to
delete the erroneous units; e.g., type `2' to delete
two letters. (See Chapter 27 of The TeXbook.)

d:/texlive/2022/texmf-dist/tex/latex/subfig/subfig.sty:278: Undefined control sequence.
l.278 \sf@capskip 4\p
                     @
The control sequence at the end of the top line
of your error message was never \def'ed. If you have
misspelled it (e.g., `\hobx'), type `I' and the correct
spelling (e.g., `I\hbox'). Otherwise just continue,
and I'll forget about whatever was undefined.

d:/texlive/2022/texmf-dist/tex/latex/subfig/subfig.sty:279: Undefined control sequence.
l.279 \define
             @key{caption}{captionskip}[4\p@]{\sf@capskip=#1}
The control sequence at the end of the top line
of your error message was never \def'ed. If you have
misspelled it (e.g., `\hobx'), type `I' and the correct
spelling (e.g., `I\hbox'). Otherwise just continue,
and I'll forget about whatever was undefined.

d:/texlive/2022/texmf-dist/tex/latex/subfig/subfig.sty:279: Undefined control sequence.
l.279 \define@key{caption}{captionskip}[4\p
                                           @]{\sf@capskip=#1}
The control sequence at the end of the top line
of your error message was never \def'ed. If you have
misspelled it (e.g., `\hobx'), type `I' and the correct
spelling (e.g., `I\hbox'). Otherwise just continue,
and I'll forget about whatever was undefined.

d:/texlive/2022/texmf-dist/tex/latex/subfig/subfig.sty:279: Missing number, treated as zero.
<to be read again> 
                   @
l.279 \define@key{caption}{captionskip}[4\p@]{\sf@
                                                  capskip=#1}
A number should have been here; I inserted `0'.
(If you can't figure out why I needed to see a number,
look up `weird error' in the index to The TeXbook.)

d:/texlive/2022/texmf-dist/tex/latex/subfig/subfig.sty:279: Illegal unit of measure (pt inserted).
<to be read again> 
                   @
l.279 \define@key{caption}{captionskip}[4\p@]{\sf@
                                                  capskip=#1}
Dimensions can be in units of em, ex, in, pt, pc,
cm, mm, dd, cc, bp, or sp; but yours is a new one!
I'll assume that you meant to say pt, for printer's points.
To recover gracefully from this error, it's best to
delete the erroneous units; e.g., type `2' to delete
two letters. (See Chapter 27 of The TeXbook.)

d:/texlive/2022/texmf-dist/tex/latex/subfig/subfig.sty:279: You can't use `macro parameter character #' in horizontal mode.
<recently read> ##
                  
l.279 ...caption}{captionskip}[4\p@]{\sf@capskip=#
                                                  1}
Sorry, but I'm not programmed to handle this case;
I'll just pretend that you didn't ask for it.
If you're in the wrong mode, you might be able to
return to the right one by typing `I}' or `I$' or `I\par'.

\sf=\skip73
d:/texlive/2022/texmf-dist/tex/latex/subfig/subfig.sty:281: Missing number, treated as zero.
<to be read again> 
                   @
l.281 \sf@
          nearskip \z@
A number should have been here; I inserted `0'.
(If you can't figure out why I needed to see a number,
look up `weird error' in the index to The TeXbook.)

d:/texlive/2022/texmf-dist/tex/latex/subfig/subfig.sty:281: Illegal unit of measure (pt inserted).
<to be read again> 
                   @
l.281 \sf@
          nearskip \z@
Dimensions can be in units of em, ex, in, pt, pc,
cm, mm, dd, cc, bp, or sp; but yours is a new one!
I'll assume that you meant to say pt, for printer's points.
To recover gracefully from this error, it's best to
delete the erroneous units; e.g., type `2' to delete
two letters. (See Chapter 27 of The TeXbook.)

d:/texlive/2022/texmf-dist/tex/latex/subfig/subfig.sty:281: Undefined control sequence.
l.281 \sf@nearskip \z
                     @
The control sequence at the end of the top line
of your error message was never \def'ed. If you have
misspelled it (e.g., `\hobx'), type `I' and the correct
spelling (e.g., `I\hbox'). Otherwise just continue,
and I'll forget about whatever was undefined.

d:/texlive/2022/texmf-dist/tex/latex/subfig/subfig.sty:282: Undefined control sequence.
l.282 \define
             @key{caption}{nearskip}[5\p@]{\sf@nearskip=#1}
The control sequence at the end of the top line
of your error message was never \def'ed. If you have
misspelled it (e.g., `\hobx'), type `I' and the correct
spelling (e.g., `I\hbox'). Otherwise just continue,
and I'll forget about whatever was undefined.

d:/texlive/2022/texmf-dist/tex/latex/subfig/subfig.sty:282: Undefined control sequence.
l.282 \define@key{caption}{nearskip}[5\p
                                        @]{\sf@nearskip=#1}
The control sequence at the end of the top line
of your error message was never \def'ed. If you have
misspelled it (e.g., `\hobx'), type `I' and the correct
spelling (e.g., `I\hbox'). Otherwise just continue,
and I'll forget about whatever was undefined.

d:/texlive/2022/texmf-dist/tex/latex/subfig/subfig.sty:282: Missing number, treated as zero.
<to be read again> 
                   @
l.282 \define@key{caption}{nearskip}[5\p@]{\sf@
                                               nearskip=#1}
A number should have been here; I inserted `0'.
(If you can't figure out why I needed to see a number,
look up `weird error' in the index to The TeXbook.)

d:/texlive/2022/texmf-dist/tex/latex/subfig/subfig.sty:282: Illegal unit of measure (pt inserted).
<to be read again> 
                   @
l.282 \define@key{caption}{nearskip}[5\p@]{\sf@
                                               nearskip=#1}
Dimensions can be in units of em, ex, in, pt, pc,
cm, mm, dd, cc, bp, or sp; but yours is a new one!
I'll assume that you meant to say pt, for printer's points.
To recover gracefully from this error, it's best to
delete the erroneous units; e.g., type `2' to delete
two letters. (See Chapter 27 of The TeXbook.)

d:/texlive/2022/texmf-dist/tex/latex/subfig/subfig.sty:282: You can't use `macro parameter character #' in horizontal mode.
<recently read> ##
                  
l.282 ...y{caption}{nearskip}[5\p@]{\sf@nearskip=#
                                                  1}
Sorry, but I'm not programmed to handle this case;
I'll just pretend that you didn't ask for it.
If you're in the wrong mode, you might be able to
return to the right one by typing `I}' or `I$' or `I\par'.

d:/texlive/2022/texmf-dist/tex/latex/subfig/subfig.sty:283: Use of \@ doesn't match its definition.
l.283 \let\sf@old@caption\@c
                            aption
If you say, e.g., `\def\a1{...}', then you must always
put `1' after `\a', since control sequence names are
made up of letters only. The macro here has not been
followed by the required stuff, so I'm ignoring it.

d:/texlive/2022/texmf-dist/tex/latex/subfig/subfig.sty:289: Undefined control sequence.
l.289 \define
             @key{subfig}{config}[subfig]{%
The control sequence at the end of the top line
of your error message was never \def'ed. If you have
misspelled it (e.g., `\hobx'), type `I' and the correct
spelling (e.g., `I\hbox'). Otherwise just continue,
and I'll forget about whatever was undefined.

d:/texlive/2022/texmf-dist/tex/latex/subfig/subfig.sty:295: Illegal parameter number in definition of \reserved@a.
<to be read again> 
                   1
l.295 ...ig}{Configuration file #1.cfg not found}}
                                                  %
You meant to type ## instead of #, right?
Or maybe a } was forgotten somewhere earlier, and things
are all screwed up? I'm going to assume that you meant ##.


Package subfig Warning: Configuration file ##1.cfg not found on input line 295.

d:/texlive/2022/texmf-dist/tex/latex/subfig/subfig.sty:297: Undefined control sequence.
\ProcessPackageOptions ...:=\@classoptionslist\do 
                                                  {\@ifundefined{KV@caption@...
l.297 \ProcessPackageOptions
                            
The control sequence at the end of the top line
of your error message was never \def'ed. If you have
misspelled it (e.g., `\hobx'), type `I' and the correct
spelling (e.g., `I\hbox'). Otherwise just continue,
and I'll forget about whatever was undefined.

d:/texlive/2022/texmf-dist/tex/latex/subfig/subfig.sty:297: Undefined control sequence.
\ProcessPackageOptions ...on :=\caption @tempb\do 
                                                  {\expandafter \sf @split\C...
l.297 \ProcessPackageOptions
                            
The control sequence at the end of the top line
of your error message was never \def'ed. If you have
misspelled it (e.g., `\hobx'), type `I' and the correct
spelling (e.g., `I\hbox'). Otherwise just continue,
and I'll forget about whatever was undefined.

d:/texlive/2022/texmf-dist/tex/latex/subfig/subfig.sty:297: Missing number, treated as zero.
<to be read again> 
                   @
l.297 \ProcessPackageOptions
                            
A number should have been here; I inserted `0'.
(If you can't figure out why I needed to see a number,
look up `weird error' in the index to The TeXbook.)

d:/texlive/2022/texmf-dist/tex/latex/subfig/subfig.sty:297: Missing = inserted for \ifnum.
<to be read again> 
                   @
l.297 \ProcessPackageOptions
                            
I was expecting to see `<', `=', or `>'. Didn't.

d:/texlive/2022/texmf-dist/tex/latex/subfig/subfig.sty:297: Missing number, treated as zero.
<to be read again> 
                   @
l.297 \ProcessPackageOptions
                            
A number should have been here; I inserted `0'.
(If you can't figure out why I needed to see a number,
look up `weird error' in the index to The TeXbook.)

Missing character: There is no  (U+0327) in font [lmroman12-regular]:mapping=tex-text;!
d:/texlive/2022/texmf-dist/tex/latex/subfig/subfig.sty:297: Use of \caption doesn't match its definition.
\ProcessPackageOptions ...n @tempa{\caption @tempa
                                                  ,\CurrentOption ,}\fi }\ed...
l.297 \ProcessPackageOptions
                            
If you say, e.g., `\def\a1{...}', then you must always
put `1' after `\a', since control sequence names are
made up of letters only. The macro here has not been
followed by the required stuff, so I'm ignoring it.

d:/texlive/2022/texmf-dist/tex/latex/subfig/subfig.sty:297: Use of \caption doesn't match its definition.
\ProcessPackageOptions ...ubfloat]{\caption @tempa
                                                  }}\caption @tempa
l.297 \ProcessPackageOptions
                            
If you say, e.g., `\def\a1{...}', then you must always
put `1' after `\a', since control sequence names are
made up of letters only. The macro here has not been
followed by the required stuff, so I'm ignoring it.

\sf=\skip74
\sf=\skip75

Overfull \hbox (153.64384pt too wide) in paragraph at lines 271--516
\TU/phv/m/n/12 4@ @keycaptioncaptionskip[4@]@capskip=1 @nearskip @nearskip @ @keycaptionnearskip[5@]@nearskip=1
 []


Overfull \hbox (124.80783pt too wide) in paragraph at lines 271--516
\TU/phv/m/n/12 old@captionaption  @@setlistofformatsubparens@@setsubrefformatsubsimple@keysubfigconfig[subfig]
 []


Overfull \hbox (770.36803pt too wide) in paragraph at lines 271--516
\TU/phv/m/n/12 empctempatempty tfor:=tclassoptionslisttifundefinedKV@caption@texpandtwoargstremoveelementtunusedoptionlisttunusedoptionlisttfor:=tptionlisttcurrname.tcurrext@@split==@KVtest<2tifundefinedc@subfiguretifnextchar[
 []


d:/texlive/2022/texmf-dist/tex/latex/subfig/subfig.sty:564: LaTeX Error: Missing \begin{document}.

See the LaTeX manual or LaTeX Companion for explanation.
Type  H <return>  for immediate help.
 ...                                              
                                                  
l.564 \newif\if@
                ccflag
You're in trouble here.  Try typing  <return>  to proceed.
If that doesn't work, type  X <return>  to quit.

d:/texlive/2022/texmf-dist/tex/latex/subfig/subfig.sty:565: Use of \@ doesn't match its definition.
l.565 \@c
         cflagfalse
If you say, e.g., `\def\a1{...}', then you must always
put `1' after `\a', since control sequence names are
made up of letters only. The macro here has not been
followed by the required stuff, so I'm ignoring it.


d:/texlive/2022/texmf-dist/tex/latex/subfig/subfig.sty:599: LaTeX Error: \begin{document} ended by \end{@}.

See the LaTeX manual or LaTeX Companion for explanation.
Type  H <return>  for immediate help.
 ...                                              
                                                  
l.599 \let\sf@end@float=\end@
                             float
Your command was ignored.
Type  I <command> <return>  to replace it with another command,
or  <return>  to continue without it.

d:/texlive/2022/texmf-dist/tex/latex/subfig/subfig.sty:599: Missing } inserted.
<inserted text> 
                }
l.599 \let\sf@end@float=\end@
                             float
I've inserted something that you may have forgotten.
(See the <inserted text> above.)
With luck, this will get me unwedged. But if you
really didn't forget anything, try typing `2' now; then
my insertion and my current dilemma will both disappear.

d:/texlive/2022/texmf-dist/tex/latex/subfig/subfig.sty:599: Missing } inserted.
<inserted text> 
                }
l.599 \let\sf@end@float=\end@
                             float
I've inserted something that you may have forgotten.
(See the <inserted text> above.)
With luck, this will get me unwedged. But if you
really didn't forget anything, try typing `2' now; then
my insertion and my current dilemma will both disappear.

d:/texlive/2022/texmf-dist/tex/latex/subfig/subfig.sty:599: Missing } inserted.
<inserted text> 
                }
l.599 \let\sf@end@float=\end@
                             float
I've inserted something that you may have forgotten.
(See the <inserted text> above.)
With luck, this will get me unwedged. But if you
really didn't forget anything, try typing `2' now; then
my insertion and my current dilemma will both disappear.

d:/texlive/2022/texmf-dist/tex/latex/subfig/subfig.sty:599: Extra \endgroup.
<recently read> \endgroup 
                          
l.599 \let\sf@end@float=\end@
                             float
Things are pretty mixed up, but I think the worst is over.


d:/texlive/2022/texmf-dist/tex/latex/subfig/subfig.sty:600: LaTeX Error: \begin{document} ended by \end{@}.

See the LaTeX manual or LaTeX Companion for explanation.
Type  H <return>  for immediate help.
 ...                                              
                                                  
l.600 \let\sf@end@dblfloat=\end@
                                dblfloat
Your command was ignored.
Type  I <command> <return>  to replace it with another command,
or  <return>  to continue without it.

d:/texlive/2022/texmf-dist/tex/latex/subfig/subfig.sty:600: Extra \endgroup.
<recently read> \endgroup 
                          
l.600 \let\sf@end@dblfloat=\end@
                                dblfloat
Things are pretty mixed up, but I think the worst is over.

)
./shangji_2.tex:81: TeX capacity exceeded, sorry [input stack size=10000].
\subfig.sty-h@@k ->\subfig.sty-h@@k 
                                    \global \let \ifsf @usecaption\relax \gl...
l.81 \usepackage
                {array}
If you really absolutely need more capacity,
you can ask a wizard to enlarge me.

 
Here is how much of TeX's memory you used:
 20466 strings out of 476179
 403756 string characters out of 5813073
 728102 words of memory out of 5000000
 40961 multiletter control sequences out of 15000+600000
 474165 words of font info for 61 fonts, out of 8000000 for 9000
 1348 hyphenation exceptions out of 8191
 10000i,2n,97p,365b,338s stack positions out of 10000i,1000n,20000p,200000b,200000s
No pages of output.
